<?xml version="1.0" encoding="UTF-8"?>
<!-- Generated by org.testng.reporters.JUnitXMLReporter -->
<testsuite ignored="0" hostname="LAPTOP-MNKCORU6" failures="0" tests="6" name="Default test" time="9.541" errors="0" timestamp="2024-02-09T10:52:03 IST">
  <testcase classname="api.test.DDTests" name="testPostuser" time="2.699"/>
  <testcase classname="api.test.DDTests" name="testPostuser" time="1.124"/>
  <testcase classname="api.test.DDTests" name="testPostuser" time="1.107"/>
  <testcase classname="api.test.DDTests" name="testDeleteUserByUsername" time="1.15"/>
  <testcase classname="api.test.DDTests" name="testDeleteUserByUsername" time="1.086"/>
  <testcase classname="api.test.DDTests" name="testDeleteUserByUsername" time="1.157"/>
</testsuite> <!-- Default test -->
