<?xml version="1.0" encoding="UTF-8"?>
<!-- Generated by org.testng.reporters.JUnitXMLReporter -->
<testsuite ignored="0" hostname="LAPTOP-MNKCORU6" failures="0" tests="4" name="Test" time="7.96" errors="0" timestamp="2024-02-12T18:39:38 IST">
  <testcase classname="api.test.UserTests2" name="testPostUser" time="2.487"/>
  <testcase classname="api.test.UserTests2" name="testGetUserByUserName" time="1.136"/>
  <testcase classname="api.test.UserTests2" name="testUpdateByUserName" time="2.365"/>
  <testcase classname="api.test.UserTests2" name="testDeleteByUserName" time="1.155"/>
</testsuite> <!-- Test -->
