<?xml version="1.0" encoding="UTF-8"?>
<testsuite xmlns:xsi="http://www.w3.org/2001/XMLSchema-instance" xsi:noNamespaceSchemaLocation="https://maven.apache.org/surefire/maven-surefire-plugin/xsd/surefire-test-report-3.0.xsd" version="3.0" name="TestSuite" time="8.4" tests="4" errors="0" skipped="0" failures="0">
  <properties>
[...]
</properties>
  <testcase name="testPostUser" classname="api.test.UserTests2" time="2.389">
    <system-out><![CDATA[{
    "code": 200,
    "type": "unknown",
    "message": "20804602"
}
]]></system-out>
    <system-err><![CDATA[SLF4J: Failed to load class "org.slf4j.impl.StaticLoggerBinder".
SLF4J: Defaulting to no-operation (NOP) logger implementation
SLF4J: See http://www.slf4j.org/codes.html#StaticLoggerBinder for further details.
]]></system-err>
  </testcase>
  <testcase name="testGetUserByUserName" classname="api.test.UserTests2" time="1.266">
    <system-out><![CDATA[{
    "id": 20804602,
    "username": "rudolph.braun",
    "firstName": "Madlyn",
    "lastName": "Watsica",
    "email": "ellen.bernier@example.com",
    "password": "kze6d6k",
    "phone": "(858) 138-2835",
    "userStatus": 0
}
]]></system-out>
  </testcase>
  <testcase name="testUpdateByUserName" classname="api.test.UserTests2" time="2.353">
    <system-out><![CDATA[{
    "code": 200,
    "type": "unknown",
    "message": "20804602"
}
HTTP/1.1 200 OK
Date: Mon, 12 Feb 2024 13:04:34 GMT
Content-Type: application/json
Transfer-Encoding: chunked
Connection: keep-alive
Access-Control-Allow-Origin: *
Access-Control-Allow-Methods: GET, POST, DELETE, PUT
Access-Control-Allow-Headers: Content-Type, api_key, Authorization
Server: Jetty(9.2.9.v20150224)

{
    "code": 200,
    "type": "unknown",
    "message": "20804602"
}
]]></system-out>
  </testcase>
  <testcase name="testDeleteByUserName" classname="api.test.UserTests2" time="1.137"/>
</testsuite>