<?xml version="1.0" encoding="UTF-8"?>
<testng-results ignored="0" total="4" passed="4" failed="0" skipped="0">
  <reporter-output>
  </reporter-output>
  <suite started-at="2024-02-12T18:39:30 IST" name="Suite" finished-at="2024-02-12T18:39:38 IST" duration-ms="7960">
    <groups>
    </groups>
    <test started-at="2024-02-12T18:39:30 IST" name="Test" finished-at="2024-02-12T18:39:38 IST" duration-ms="7960">
      <class name="api.test.UserTests2">
        <test-method is-config="true" signature="setup()[pri:0, instance:api.test.UserTests2@29215f06]" started-at="2024-02-12T18:39:30 IST" name="setup" finished-at="2024-02-12T18:39:31 IST" duration-ms="563" status="PASS">
          <reporter-output>
          </reporter-output>
        </test-method> <!-- setup -->
        <test-method signature="testPostUser()[pri:1, instance:api.test.UserTests2@29215f06]" started-at="2024-02-12T18:39:31 IST" name="testPostUser" finished-at="2024-02-12T18:39:33 IST" duration-ms="2487" status="PASS">
          <reporter-output>
          </reporter-output>
        </test-method> <!-- testPostUser -->
        <test-method signature="testGetUserByUserName()[pri:2, instance:api.test.UserTests2@29215f06]" started-at="2024-02-12T18:39:33 IST" name="testGetUserByUserName" finished-at="2024-02-12T18:39:34 IST" duration-ms="1136" status="PASS">
          <reporter-output>
          </reporter-output>
        </test-method> <!-- testGetUserByUserName -->
        <test-method signature="testUpdateByUserName()[pri:3, instance:api.test.UserTests2@29215f06]" started-at="2024-02-12T18:39:34 IST" name="testUpdateByUserName" finished-at="2024-02-12T18:39:37 IST" duration-ms="2365" status="PASS">
          <reporter-output>
          </reporter-output>
        </test-method> <!-- testUpdateByUserName -->
        <test-method signature="testDeleteByUserName()[pri:4, instance:api.test.UserTests2@29215f06]" started-at="2024-02-12T18:39:37 IST" name="testDeleteByUserName" finished-at="2024-02-12T18:39:38 IST" duration-ms="1155" status="PASS">
          <reporter-output>
          </reporter-output>
        </test-method> <!-- testDeleteByUserName -->
      </class> <!-- api.test.UserTests2 -->
    </test> <!-- Test -->
  </suite> <!-- Suite -->
</testng-results>
